[2019-11-04 12:52:53] local.DEBUG: routes/api.php URL=http://localhost Request::path()=/  
[2019-11-04 12:52:53] local.DEBUG: routes/api.php entro en middleware  
[2019-11-04 12:52:53] local.DEBUG: routes/web.php inioio URL=http://localhost Request::path()=/  
[2019-11-04 12:52:53] local.DEBUG: routes/web.php Entro a middleware web http://localhost  
[2019-11-04 12:53:21] local.DEBUG: routes/api.php URL=https://adipjc.soluint.com/public Request::path()=/  
[2019-11-04 12:53:21] local.DEBUG: routes/api.php entro en middleware  
[2019-11-04 12:53:21] local.DEBUG: routes/web.php inioio URL=https://adipjc.soluint.com/public Request::path()=/  
[2019-11-04 12:53:21] local.DEBUG: routes/web.php Entro a middleware web https://adipjc.soluint.com/public  
[2019-11-04 12:53:21] local.DEBUG: routes/web.php va a ejecutar welcome / URL=https://adipjc.soluint.com/public Request::path()=/  
[2019-11-04 12:53:21] local.DEBUG: public/index.php URLhttps://adipjc.soluint.com/public Request::path()=/  
[2019-11-04 13:10:23] local.DEBUG: routes/api.php URL=https://adipjc.soluint.com/public Request::path()=/  
[2019-11-04 13:10:23] local.DEBUG: routes/api.php entro en middleware  
[2019-11-04 13:10:23] local.DEBUG: routes/web.php inioio URL=https://adipjc.soluint.com/public Request::path()=/  
[2019-11-04 13:10:23] local.DEBUG: routes/web.php Entro a middleware web https://adipjc.soluint.com/public  
[2019-11-04 13:10:23] local.DEBUG: routes/web.php va a ejecutar welcome / URL=https://adipjc.soluint.com/public Request::path()=/  
[2019-11-04 13:10:23] local.DEBUG: public/index.php URLhttps://adipjc.soluint.com/public Request::path()=/  
[2019-11-04 13:10:59] local.DEBUG: routes/api.php URL=https://adipjc.soluint.com/public Request::path()=/  
[2019-11-04 13:10:59] local.DEBUG: routes/api.php entro en middleware  
[2019-11-04 13:10:59] local.DEBUG: routes/web.php inioio URL=https://adipjc.soluint.com/public Request::path()=/  
[2019-11-04 13:10:59] local.DEBUG: routes/web.php Entro a middleware web https://adipjc.soluint.com/public  
[2019-11-04 13:10:59] local.DEBUG: routes/web.php va a ejecutar welcome / URL=https://adipjc.soluint.com/public Request::path()=/  
[2019-11-04 13:10:59] local.DEBUG: public/index.php URLhttps://adipjc.soluint.com/public Request::path()=/  
[2019-11-04 13:41:15] local.DEBUG: routes/api.php URL=https://adipjc.soluint.com/public Request::path()=/  
[2019-11-04 13:41:15] local.DEBUG: routes/api.php entro en middleware  
[2019-11-04 13:41:15] local.DEBUG: routes/web.php inioio URL=https://adipjc.soluint.com/public Request::path()=/  
[2019-11-04 13:41:15] local.DEBUG: routes/web.php Entro a middleware web https://adipjc.soluint.com/public  
[2019-11-04 13:41:15] local.DEBUG: routes/web.php va a ejecutar welcome / URL=https://adipjc.soluint.com/public Request::path()=/  
[2019-11-04 13:41:15] local.DEBUG: public/index.php URLhttps://adipjc.soluint.com/public Request::path()=/  
[2019-11-04 13:41:15] local.DEBUG: routes/api.php URL=https://adipjc.soluint.com/public/src/img/logo-juzgados-civicos.svg Request::path()=src/img/logo-juzgados-civicos.svg  
[2019-11-04 13:41:15] local.DEBUG: routes/api.php entro en middleware  
[2019-11-04 13:41:15] local.DEBUG: routes/web.php inioio URL=https://adipjc.soluint.com/public/src/img/logo-juzgados-civicos.svg Request::path()=src/img/logo-juzgados-civicos.svg  
[2019-11-04 13:41:15] local.DEBUG: routes/web.php Entro a middleware web https://adipjc.soluint.com/public/src/img/logo-juzgados-civicos.svg  
[2019-11-04 13:41:15] local.DEBUG: public/index.php URLhttps://adipjc.soluint.com/public/src/img/logo-juzgados-civicos.svg Request::path()=src/img/logo-juzgados-civicos.svg  
[2019-11-04 13:42:14] local.DEBUG: routes/api.php URL=https://adipjc.soluint.com/public Request::path()=/  
[2019-11-04 13:42:14] local.DEBUG: routes/api.php entro en middleware  
[2019-11-04 13:42:14] local.DEBUG: routes/web.php inioio URL=https://adipjc.soluint.com/public Request::path()=/  
[2019-11-04 13:42:14] local.DEBUG: routes/web.php Entro a middleware web https://adipjc.soluint.com/public  
[2019-11-04 13:42:14] local.DEBUG: routes/web.php va a ejecutar welcome / URL=https://adipjc.soluint.com/public Request::path()=/  
[2019-11-04 13:42:14] local.DEBUG: public/index.php URLhttps://adipjc.soluint.com/public Request::path()=/  
[2019-11-04 13:47:08] local.DEBUG: routes/api.php URL=https://adipjc.soluint.com/public Request::path()=/  
[2019-11-04 13:47:08] local.DEBUG: routes/api.php entro en middleware  
[2019-11-04 13:47:08] local.DEBUG: routes/web.php inioio URL=https://adipjc.soluint.com/public Request::path()=/  
[2019-11-04 13:47:08] local.DEBUG: routes/web.php Entro a middleware web https://adipjc.soluint.com/public  
[2019-11-04 13:47:08] local.DEBUG: routes/web.php va a ejecutar welcome / URL=https://adipjc.soluint.com/public Request::path()=/  
[2019-11-04 13:47:08] local.DEBUG: public/index.php URLhttps://adipjc.soluint.com/public Request::path()=/  
[2019-11-04 13:48:48] local.DEBUG: routes/api.php URL=https://adipjc.soluint.com/public Request::path()=/  
[2019-11-04 13:48:48] local.DEBUG: routes/api.php entro en middleware  
[2019-11-04 13:48:48] local.DEBUG: routes/web.php inioio URL=https://adipjc.soluint.com/public Request::path()=/  
[2019-11-04 13:48:48] local.DEBUG: routes/web.php Entro a middleware web https://adipjc.soluint.com/public  
[2019-11-04 13:48:48] local.DEBUG: routes/web.php va a ejecutar welcome / URL=https://adipjc.soluint.com/public Request::path()=/  
[2019-11-04 13:48:48] local.DEBUG: public/index.php URLhttps://adipjc.soluint.com/public Request::path()=/  
[2019-11-04 13:50:57] local.DEBUG: routes/api.php URL=https://adipjc.soluint.com/public Request::path()=/  
[2019-11-04 13:50:57] local.DEBUG: routes/api.php entro en middleware  
[2019-11-04 13:50:57] local.DEBUG: routes/web.php inioio URL=https://adipjc.soluint.com/public Request::path()=/  
[2019-11-04 13:50:57] local.DEBUG: routes/web.php Entro a middleware web https://adipjc.soluint.com/public  
[2019-11-04 13:50:57] local.DEBUG: routes/web.php va a ejecutar welcome / URL=https://adipjc.soluint.com/public Request::path()=/  
[2019-11-04 13:50:57] local.DEBUG: public/index.php URLhttps://adipjc.soluint.com/public Request::path()=/  
[2019-11-04 16:52:22] local.DEBUG: routes/api.php URL=https://adipjc.soluint.com/public Request::path()=/  
[2019-11-04 16:52:22] local.DEBUG: routes/api.php entro en middleware  
[2019-11-04 16:52:22] local.DEBUG: routes/web.php inioio URL=https://adipjc.soluint.com/public Request::path()=/  
[2019-11-04 16:52:22] local.DEBUG: routes/web.php Entro a middleware web https://adipjc.soluint.com/public  
[2019-11-04 16:52:22] local.DEBUG: routes/web.php va a ejecutar welcome / URL=https://adipjc.soluint.com/public Request::path()=/  
[2019-11-04 16:52:22] local.DEBUG: public/index.php URLhttps://adipjc.soluint.com/public Request::path()=/  
[2019-11-04 16:56:49] local.DEBUG: routes/api.php URL=https://adipjc.soluint.com/public Request::path()=/  
[2019-11-04 16:56:49] local.DEBUG: routes/api.php entro en middleware  
[2019-11-04 16:56:49] local.DEBUG: routes/web.php inioio URL=https://adipjc.soluint.com/public Request::path()=/  
[2019-11-04 16:56:49] local.DEBUG: routes/web.php Entro a middleware web https://adipjc.soluint.com/public  
[2019-11-04 16:56:49] local.DEBUG: routes/web.php va a ejecutar welcome / URL=https://adipjc.soluint.com/public Request::path()=/  
[2019-11-04 16:56:49] local.DEBUG: public/index.php URLhttps://adipjc.soluint.com/public Request::path()=/  
[2019-11-04 16:58:27] local.DEBUG: routes/api.php URL=https://adipjc.soluint.com/public Request::path()=/  
[2019-11-04 16:58:27] local.DEBUG: routes/api.php entro en middleware  
[2019-11-04 16:58:27] local.DEBUG: routes/web.php inioio URL=https://adipjc.soluint.com/public Request::path()=/  
[2019-11-04 16:58:27] local.DEBUG: routes/web.php Entro a middleware web https://adipjc.soluint.com/public  
[2019-11-04 16:58:27] local.DEBUG: routes/web.php va a ejecutar welcome / URL=https://adipjc.soluint.com/public Request::path()=/  
[2019-11-04 16:58:27] local.DEBUG: public/index.php URLhttps://adipjc.soluint.com/public Request::path()=/  
[2019-11-04 16:59:07] local.DEBUG: routes/api.php URL=https://adipjc.soluint.com/public Request::path()=/  
[2019-11-04 16:59:07] local.DEBUG: routes/api.php entro en middleware  
[2019-11-04 16:59:07] local.DEBUG: routes/web.php inioio URL=https://adipjc.soluint.com/public Request::path()=/  
[2019-11-04 16:59:07] local.DEBUG: routes/web.php Entro a middleware web https://adipjc.soluint.com/public  
[2019-11-04 16:59:07] local.DEBUG: routes/web.php va a ejecutar welcome / URL=https://adipjc.soluint.com/public Request::path()=/  
[2019-11-04 16:59:07] local.DEBUG: public/index.php URLhttps://adipjc.soluint.com/public Request::path()=/  
[2019-11-04 17:14:41] local.DEBUG: routes/api.php URL=https://adipjc.soluint.com/public Request::path()=/  
[2019-11-04 17:14:41] local.DEBUG: routes/api.php entro en middleware  
[2019-11-04 17:14:41] local.DEBUG: routes/web.php inioio URL=https://adipjc.soluint.com/public Request::path()=/  
[2019-11-04 17:14:41] local.DEBUG: routes/web.php Entro a middleware web https://adipjc.soluint.com/public  
[2019-11-04 17:14:41] local.DEBUG: routes/web.php va a ejecutar welcome / URL=https://adipjc.soluint.com/public Request::path()=/  
[2019-11-04 17:14:41] local.DEBUG: public/index.php URLhttps://adipjc.soluint.com/public Request::path()=/  
[2019-11-04 17:18:15] local.DEBUG: routes/api.php URL=https://adipjc.soluint.com/public Request::path()=/  
[2019-11-04 17:18:15] local.DEBUG: routes/api.php entro en middleware  
[2019-11-04 17:18:15] local.DEBUG: routes/web.php inioio URL=https://adipjc.soluint.com/public Request::path()=/  
[2019-11-04 17:18:15] local.DEBUG: routes/web.php Entro a middleware web https://adipjc.soluint.com/public  
[2019-11-04 17:18:15] local.DEBUG: routes/web.php va a ejecutar welcome / URL=https://adipjc.soluint.com/public Request::path()=/  
[2019-11-04 17:18:15] local.DEBUG: public/index.php URLhttps://adipjc.soluint.com/public Request::path()=/  
[2019-11-04 17:21:37] local.DEBUG: routes/api.php URL=https://adipjc.soluint.com/public Request::path()=/  
[2019-11-04 17:21:37] local.DEBUG: routes/api.php entro en middleware  
[2019-11-04 17:21:37] local.DEBUG: routes/web.php inioio URL=https://adipjc.soluint.com/public Request::path()=/  
[2019-11-04 17:21:37] local.DEBUG: routes/web.php Entro a middleware web https://adipjc.soluint.com/public  
[2019-11-04 17:21:37] local.DEBUG: routes/web.php va a ejecutar welcome / URL=https://adipjc.soluint.com/public Request::path()=/  
[2019-11-04 17:21:37] local.DEBUG: public/index.php URLhttps://adipjc.soluint.com/public Request::path()=/  
[2019-11-04 17:35:31] local.DEBUG: routes/api.php URL=https://adipjc.soluint.com/public Request::path()=/  
[2019-11-04 17:35:31] local.DEBUG: routes/api.php entro en middleware  
[2019-11-04 17:35:31] local.DEBUG: routes/web.php inioio URL=https://adipjc.soluint.com/public Request::path()=/  
[2019-11-04 17:35:31] local.DEBUG: routes/web.php Entro a middleware web https://adipjc.soluint.com/public  
[2019-11-04 17:35:31] local.DEBUG: routes/web.php va a ejecutar welcome / URL=https://adipjc.soluint.com/public Request::path()=/  
[2019-11-04 17:35:31] local.DEBUG: public/index.php URLhttps://adipjc.soluint.com/public Request::path()=/  
[2019-11-04 17:35:43] local.DEBUG: routes/api.php URL=https://adipjc.soluint.com/public Request::path()=/  
[2019-11-04 17:35:43] local.DEBUG: routes/api.php entro en middleware  
[2019-11-04 17:35:43] local.DEBUG: routes/web.php inioio URL=https://adipjc.soluint.com/public Request::path()=/  
[2019-11-04 17:35:43] local.DEBUG: routes/web.php Entro a middleware web https://adipjc.soluint.com/public  
[2019-11-04 17:35:43] local.DEBUG: routes/web.php va a ejecutar welcome / URL=https://adipjc.soluint.com/public Request::path()=/  
[2019-11-04 17:35:43] local.DEBUG: public/index.php URLhttps://adipjc.soluint.com/public Request::path()=/  
[2019-11-04 18:02:00] local.DEBUG: routes/api.php URL=http://localhost Request::path()=/  
[2019-11-04 18:02:00] local.DEBUG: routes/api.php entro en middleware  
[2019-11-04 18:02:00] local.DEBUG: routes/web.php inioio URL=http://localhost Request::path()=/  
[2019-11-04 18:02:00] local.DEBUG: routes/web.php Entro a middleware web http://localhost  
[2019-11-04 18:02:00] local.ERROR: Illuminate\Filesystem\Filesystem::requireOnce(): Failed opening required '/var/www/html/juzgados-civicos/=database/migrations/2019_07_29_164259_create_users_table.php' (include_path='.:/usr/share/pear7:/usr/share/php') {"exception":"[object] (Symfony\\Component\\Debug\\Exception\\FatalErrorException(code: 64): Illuminate\\Filesystem\\Filesystem::requireOnce(): Failed opening required '/var/www/html/juzgados-civicos/=database/migrations/2019_07_29_164259_create_users_table.php' (include_path='.:/usr/share/pear7:/usr/share/php') at /var/www/html/juzgados-civicos/vendor/laravel/framework/src/Illuminate/Filesystem/Filesystem.php:98)
[stacktrace]
#0 {main}
"} 
[2019-11-04 18:03:28] local.DEBUG: routes/api.php URL=http://localhost Request::path()=/  
[2019-11-04 18:03:28] local.DEBUG: routes/api.php entro en middleware  
[2019-11-04 18:03:28] local.DEBUG: routes/web.php inioio URL=http://localhost Request::path()=/  
[2019-11-04 18:03:28] local.DEBUG: routes/web.php Entro a middleware web http://localhost  
[2019-11-04 18:12:58] local.DEBUG: routes/api.php URL=http://localhost Request::path()=/  
[2019-11-04 18:12:58] local.DEBUG: routes/api.php entro en middleware  
[2019-11-04 18:12:58] local.DEBUG: routes/web.php inioio URL=http://localhost Request::path()=/  
[2019-11-04 18:12:58] local.DEBUG: routes/web.php Entro a middleware web http://localhost  
[2019-11-04 18:13:24] local.DEBUG: routes/api.php URL=http://localhost Request::path()=/  
[2019-11-04 18:13:24] local.DEBUG: routes/api.php entro en middleware  
[2019-11-04 18:13:24] local.DEBUG: routes/web.php inioio URL=http://localhost Request::path()=/  
[2019-11-04 18:13:24] local.DEBUG: routes/web.php Entro a middleware web http://localhost  
[2019-11-04 18:13:34] local.DEBUG: routes/api.php URL=http://localhost Request::path()=/  
[2019-11-04 18:13:34] local.DEBUG: routes/api.php entro en middleware  
[2019-11-04 18:13:34] local.DEBUG: routes/web.php inioio URL=http://localhost Request::path()=/  
[2019-11-04 18:13:34] local.DEBUG: routes/web.php Entro a middleware web http://localhost  
[2019-11-04 18:13:51] local.DEBUG: routes/api.php URL=https://adipjc.soluint.com/public/api/login Request::path()=api/login  
[2019-11-04 18:13:51] local.DEBUG: routes/api.php entro en middleware  
[2019-11-04 18:13:51] local.DEBUG: routes/web.php inioio URL=https://adipjc.soluint.com/public/api/login Request::path()=api/login  
[2019-11-04 18:13:51] local.DEBUG: routes/web.php Entro a middleware web https://adipjc.soluint.com/public/api/login  
[2019-11-04 18:13:51] local.DEBUG: app/Http/Middleware/RedirectIfAuthenticated.php handle  
[2019-11-04 18:13:51] local.DEBUG: app/Http/Middleware/RedirectIfAuthenticated.php despues del if  
[2019-11-04 18:13:51] local.DEBUG: app/Http/Controllers/Auth/LoginController.php login  
[2019-11-04 18:13:51] local.DEBUG: app/Http/Controllers/Auth/LoginController.php paso validateLogin  
[2019-11-04 18:13:51] local.DEBUG: public/index.php URLhttps://adipjc.soluint.com/public/api/login Request::path()=api/login  
[2019-11-04 18:13:55] local.DEBUG: routes/api.php URL=https://adipjc.soluint.com/public/api/login Request::path()=api/login  
[2019-11-04 18:13:55] local.DEBUG: routes/api.php entro en middleware  
[2019-11-04 18:13:55] local.DEBUG: routes/web.php inioio URL=https://adipjc.soluint.com/public/api/login Request::path()=api/login  
[2019-11-04 18:13:55] local.DEBUG: routes/web.php Entro a middleware web https://adipjc.soluint.com/public/api/login  
[2019-11-04 18:13:55] local.DEBUG: app/Http/Middleware/RedirectIfAuthenticated.php handle  
[2019-11-04 18:13:55] local.DEBUG: app/Http/Middleware/RedirectIfAuthenticated.php despues del if  
[2019-11-04 18:13:55] local.DEBUG: app/Http/Controllers/Auth/LoginController.php login  
[2019-11-04 18:13:55] local.DEBUG: app/Http/Controllers/Auth/LoginController.php paso validateLogin  
[2019-11-04 18:13:55] local.DEBUG: public/index.php URLhttps://adipjc.soluint.com/public/api/login Request::path()=api/login  
[2019-11-04 20:04:02] local.DEBUG: routes/api.php URL=http://localhost Request::path()=/  
[2019-11-04 20:04:02] local.DEBUG: routes/api.php entro en middleware  
[2019-11-04 20:04:02] local.DEBUG: routes/web.php inioio URL=http://localhost Request::path()=/  
[2019-11-04 20:04:02] local.DEBUG: routes/web.php Entro a middleware web http://localhost  
[2019-11-04 20:04:23] local.DEBUG: routes/api.php URL=http://localhost Request::path()=/  
[2019-11-04 20:04:23] local.DEBUG: routes/api.php entro en middleware  
[2019-11-04 20:04:23] local.DEBUG: routes/web.php inioio URL=http://localhost Request::path()=/  
[2019-11-04 20:04:23] local.DEBUG: routes/web.php Entro a middleware web http://localhost  
[2019-11-04 20:07:56] local.DEBUG: routes/api.php URL=http://localhost Request::path()=/  
[2019-11-04 20:07:56] local.DEBUG: routes/api.php entro en middleware  
[2019-11-04 20:07:56] local.DEBUG: routes/web.php inioio URL=http://localhost Request::path()=/  
[2019-11-04 20:07:56] local.DEBUG: routes/web.php Entro a middleware web http://localhost  
[2019-11-04 20:07:56] local.ERROR: Illuminate\Filesystem\Filesystem::requireOnce(): Failed opening required '/var/www/html/juzgados-civicos/database/migrations/database/migrations/2019_08_29_092931_create_entidad_tabla.php' (include_path='.:/usr/share/pear7:/usr/share/php') {"exception":"[object] (Symfony\\Component\\Debug\\Exception\\FatalErrorException(code: 64): Illuminate\\Filesystem\\Filesystem::requireOnce(): Failed opening required '/var/www/html/juzgados-civicos/database/migrations/database/migrations/2019_08_29_092931_create_entidad_tabla.php' (include_path='.:/usr/share/pear7:/usr/share/php') at /var/www/html/juzgados-civicos/vendor/laravel/framework/src/Illuminate/Filesystem/Filesystem.php:98)
[stacktrace]
#0 {main}
"} 
[2019-11-04 20:09:33] local.DEBUG: routes/api.php URL=http://localhost Request::path()=/  
[2019-11-04 20:09:33] local.DEBUG: routes/api.php entro en middleware  
[2019-11-04 20:09:33] local.DEBUG: routes/web.php inioio URL=http://localhost Request::path()=/  
[2019-11-04 20:09:33] local.DEBUG: routes/web.php Entro a middleware web http://localhost  
[2019-11-04 20:10:54] local.DEBUG: routes/api.php URL=http://localhost Request::path()=/  
[2019-11-04 20:10:54] local.DEBUG: routes/api.php entro en middleware  
[2019-11-04 20:10:54] local.DEBUG: routes/web.php inioio URL=http://localhost Request::path()=/  
[2019-11-04 20:10:54] local.DEBUG: routes/web.php Entro a middleware web http://localhost  
[2019-11-04 20:10:54] local.ERROR: SQLSTATE[42601]: Syntax error: 7 ERROR:  unterminated quoted string at or near "'Administrador de los juzgados);
"
LINE 6: ...RT INTO "public"."perfiles" (descripcion) VALUES ('Administr...
                                                             ^ (SQL: truncate "public"."perfiles" RESTART IDENTITY;
INSERT INTO "public"."perfiles" (id,descripcion) VALUES (0,'Sin perfil');
INSERT INTO "public"."perfiles" (descripcion) VALUES ('Juez');
INSERT INTO "public"."perfiles" (descripcion) VALUES ('Administrador de juzgado');
INSERT INTO "public"."perfiles" (descripcion) VALUES ('Secretario');
INSERT INTO "public"."perfiles" (descripcion) VALUES ('Administrador de los juzgados);
) {"exception":"[object] (Illuminate\\Database\\QueryException(code: 42601): SQLSTATE[42601]: Syntax error: 7 ERROR:  unterminated quoted string at or near \"'Administrador de los juzgados);
\"
LINE 6: ...RT INTO \"public\".\"perfiles\" (descripcion) VALUES ('Administr...
                                                             ^ (SQL: truncate \"public\".\"perfiles\" RESTART IDENTITY;
INSERT INTO \"public\".\"perfiles\" (id,descripcion) VALUES (0,'Sin perfil');
INSERT INTO \"public\".\"perfiles\" (descripcion) VALUES ('Juez');
INSERT INTO \"public\".\"perfiles\" (descripcion) VALUES ('Administrador de juzgado');
INSERT INTO \"public\".\"perfiles\" (descripcion) VALUES ('Secretario');
INSERT INTO \"public\".\"perfiles\" (descripcion) VALUES ('Administrador de los juzgados);
) at /var/www/html/juzgados-civicos/vendor/laravel/framework/src/Illuminate/Database/Connection.php:664, Doctrine\\DBAL\\Driver\\PDOException(code: 42601): SQLSTATE[42601]: Syntax error: 7 ERROR:  unterminated quoted string at or near \"'Administrador de los juzgados);
\"
LINE 6: ...RT INTO \"public\".\"perfiles\" (descripcion) VALUES ('Administr...
                                                             ^ at /var/www/html/juzgados-civicos/vendor/doctrine/dbal/lib/Doctrine/DBAL/Driver/PDOConnection.php:43, PDOException(code: 42601): SQLSTATE[42601]: Syntax error: 7 ERROR:  unterminated quoted string at or near \"'Administrador de los juzgados);
\"
LINE 6: ...RT INTO \"public\".\"perfiles\" (descripcion) VALUES ('Administr...
                                                             ^ at /var/www/html/juzgados-civicos/vendor/doctrine/dbal/lib/Doctrine/DBAL/Driver/PDOConnection.php:41)
[stacktrace]
#0 /var/www/html/juzgados-civicos/vendor/laravel/framework/src/Illuminate/Database/Connection.php(624): Illuminate\\Database\\Connection->runQueryCallback('truncate \"publi...', Array, Object(Closure))
#1 /var/www/html/juzgados-civicos/vendor/laravel/framework/src/Illuminate/Database/Connection.php(511): Illuminate\\Database\\Connection->run('truncate \"publi...', Array, Object(Closure))
#2 /var/www/html/juzgados-civicos/vendor/laravel/framework/src/Illuminate/Database/DatabaseManager.php(349): Illuminate\\Database\\Connection->unprepared('truncate \"publi...')
#3 /var/www/html/juzgados-civicos/vendor/laravel/framework/src/Illuminate/Support/Facades/Facade.php(239): Illuminate\\Database\\DatabaseManager->__call('unprepared', Array)
#4 /var/www/html/juzgados-civicos/database/seeds/Perfiles.php(15): Illuminate\\Support\\Facades\\Facade::__callStatic('unprepared', Array)
#5 [internal function]: Perfiles->run()
#6 /var/www/html/juzgados-civicos/vendor/laravel/framework/src/Illuminate/Container/BoundMethod.php(32): call_user_func_array(Array, Array)
#7 /var/www/html/juzgados-civicos/vendor/laravel/framework/src/Illuminate/Container/BoundMethod.php(90): Illuminate\\Container\\BoundMethod::Illuminate\\Container\\{closure}()
#8 /var/www/html/juzgados-civicos/vendor/laravel/framework/src/Illuminate/Container/BoundMethod.php(34): Illuminate\\Container\\BoundMethod::callBoundMethod(Object(Illuminate\\Foundation\\Application), Array, Object(Closure))
#9 /var/www/html/juzgados-civicos/vendor/laravel/framework/src/Illuminate/Container/Container.php(576): Illuminate\\Container\\BoundMethod::call(Object(Illuminate\\Foundation\\Application), Array, Array, NULL)
#10 /var/www/html/juzgados-civicos/vendor/laravel/framework/src/Illuminate/Database/Seeder.php(124): Illuminate\\Container\\Container->call(Array)
#11 /var/www/html/juzgados-civicos/vendor/laravel/framework/src/Illuminate/Database/Seeder.php(44): Illuminate\\Database\\Seeder->__invoke()
#12 /var/www/html/juzgados-civicos/database/seeds/DatabaseSeeder.php(16): Illuminate\\Database\\Seeder->call('Perfiles')
#13 [internal function]: DatabaseSeeder->run()
#14 /var/www/html/juzgados-civicos/vendor/laravel/framework/src/Illuminate/Container/BoundMethod.php(32): call_user_func_array(Array, Array)
#15 /var/www/html/juzgados-civicos/vendor/laravel/framework/src/Illuminate/Container/BoundMethod.php(90): Illuminate\\Container\\BoundMethod::Illuminate\\Container\\{closure}()
#16 /var/www/html/juzgados-civicos/vendor/laravel/framework/src/Illuminate/Container/BoundMethod.php(34): Illuminate\\Container\\BoundMethod::callBoundMethod(Object(Illuminate\\Foundation\\Application), Array, Object(Closure))
#17 /var/www/html/juzgados-civicos/vendor/laravel/framework/src/Illuminate/Container/Container.php(576): Illuminate\\Container\\BoundMethod::call(Object(Illuminate\\Foundation\\Application), Array, Array, NULL)
#18 /var/www/html/juzgados-civicos/vendor/laravel/framework/src/Illuminate/Database/Seeder.php(124): Illuminate\\Container\\Container->call(Array)
#19 /var/www/html/juzgados-civicos/vendor/laravel/framework/src/Illuminate/Database/Console/Seeds/SeedCommand.php(63): Illuminate\\Database\\Seeder->__invoke()
#20 /var/www/html/juzgados-civicos/vendor/laravel/framework/src/Illuminate/Database/Eloquent/Concerns/GuardsAttributes.php(122): Illuminate\\Database\\Console\\Seeds\\SeedCommand->Illuminate\\Database\\Console\\Seeds\\{closure}()
#21 /var/www/html/juzgados-civicos/vendor/laravel/framework/src/Illuminate/Database/Console/Seeds/SeedCommand.php(64): Illuminate\\Database\\Eloquent\\Model::unguarded(Object(Closure))
#22 [internal function]: Illuminate\\Database\\Console\\Seeds\\SeedCommand->handle()
#23 /var/www/html/juzgados-civicos/vendor/laravel/framework/src/Illuminate/Container/BoundMethod.php(32): call_user_func_array(Array, Array)
#24 /var/www/html/juzgados-civicos/vendor/laravel/framework/src/Illuminate/Container/BoundMethod.php(90): Illuminate\\Container\\BoundMethod::Illuminate\\Container\\{closure}()
#25 /var/www/html/juzgados-civicos/vendor/laravel/framework/src/Illuminate/Container/BoundMethod.php(34): Illuminate\\Container\\BoundMethod::callBoundMethod(Object(Illuminate\\Foundation\\Application), Array, Object(Closure))
#26 /var/www/html/juzgados-civicos/vendor/laravel/framework/src/Illuminate/Container/Container.php(576): Illuminate\\Container\\BoundMethod::call(Object(Illuminate\\Foundation\\Application), Array, Array, NULL)
#27 /var/www/html/juzgados-civicos/vendor/laravel/framework/src/Illuminate/Console/Command.php(183): Illuminate\\Container\\Container->call(Array)
#28 /var/www/html/juzgados-civicos/vendor/symfony/console/Command/Command.php(255): Illuminate\\Console\\Command->execute(Object(Symfony\\Component\\Console\\Input\\ArgvInput), Object(Illuminate\\Console\\OutputStyle))
#29 /var/www/html/juzgados-civicos/vendor/laravel/framework/src/Illuminate/Console/Command.php(170): Symfony\\Component\\Console\\Command\\Command->run(Object(Symfony\\Component\\Console\\Input\\ArgvInput), Object(Illuminate\\Console\\OutputStyle))
#30 /var/www/html/juzgados-civicos/vendor/symfony/console/Application.php(934): Illuminate\\Console\\Command->run(Object(Symfony\\Component\\Console\\Input\\ArgvInput), Object(Symfony\\Component\\Console\\Output\\ConsoleOutput))
#31 /var/www/html/juzgados-civicos/vendor/symfony/console/Application.php(273): Symfony\\Component\\Console\\Application->doRunCommand(Object(Illuminate\\Database\\Console\\Seeds\\SeedCommand), Object(Symfony\\Component\\Console\\Input\\ArgvInput), Object(Symfony\\Component\\Console\\Output\\ConsoleOutput))
#32 /var/www/html/juzgados-civicos/vendor/symfony/console/Application.php(149): Symfony\\Component\\Console\\Application->doRun(Object(Symfony\\Component\\Console\\Input\\ArgvInput), Object(Symfony\\Component\\Console\\Output\\ConsoleOutput))
#33 /var/www/html/juzgados-civicos/vendor/laravel/framework/src/Illuminate/Console/Application.php(90): Symfony\\Component\\Console\\Application->run(Object(Symfony\\Component\\Console\\Input\\ArgvInput), Object(Symfony\\Component\\Console\\Output\\ConsoleOutput))
#34 /var/www/html/juzgados-civicos/vendor/laravel/framework/src/Illuminate/Foundation/Console/Kernel.php(133): Illuminate\\Console\\Application->run(Object(Symfony\\Component\\Console\\Input\\ArgvInput), Object(Symfony\\Component\\Console\\Output\\ConsoleOutput))
#35 /var/www/html/juzgados-civicos/artisan(37): Illuminate\\Foundation\\Console\\Kernel->handle(Object(Symfony\\Component\\Console\\Input\\ArgvInput), Object(Symfony\\Component\\Console\\Output\\ConsoleOutput))
#36 {main}
"} 
[2019-11-04 20:12:00] local.DEBUG: routes/api.php URL=http://localhost Request::path()=/  
[2019-11-04 20:12:00] local.DEBUG: routes/api.php entro en middleware  
[2019-11-04 20:12:00] local.DEBUG: routes/web.php inioio URL=http://localhost Request::path()=/  
[2019-11-04 20:12:00] local.DEBUG: routes/web.php Entro a middleware web http://localhost  
[2019-11-04 20:12:00] local.ERROR: SQLSTATE[42P01]: Undefined table: 7 ERROR:  relation "public.menus" does not exist (SQL: truncate "public"."menus" RESTART IDENTITY; 
INSERT INTO "public"."menus" (descripcion,componente) VALUES ('Usuarios','usuarios-registrados');
INSERT INTO "public"."menus" (descripcion,componente) VALUES ('Expedientes','expedientes');
/*
INSERT INTO "public"."menus" (descripcion,componente) VALUES ('Tus establecimientos','establecimientos-registrados');
INSERT INTO "public"."menus" (descripcion,componente) VALUES ('Registrar establecimiento','registrar-establecimiento');
INSERT INTO "public"."menus" (descripcion,componente) VALUES ('Establecimientos','establecimientos-registrados-alcaldia-todos');
INSERT INTO "public"."menus" (descripcion,componente) VALUES ('Inmuebles','inmuebles-registrados-todos-secretaria');
INSERT INTO "public"."menus" (descripcion,componente) VALUES ('Acreditados','estadistica-acreditados');
*/
) {"exception":"[object] (Illuminate\\Database\\QueryException(code: 42P01): SQLSTATE[42P01]: Undefined table: 7 ERROR:  relation \"public.menus\" does not exist (SQL: truncate \"public\".\"menus\" RESTART IDENTITY; 
INSERT INTO \"public\".\"menus\" (descripcion,componente) VALUES ('Usuarios','usuarios-registrados');
INSERT INTO \"public\".\"menus\" (descripcion,componente) VALUES ('Expedientes','expedientes');
/*
INSERT INTO \"public\".\"menus\" (descripcion,componente) VALUES ('Tus establecimientos','establecimientos-registrados');
INSERT INTO \"public\".\"menus\" (descripcion,componente) VALUES ('Registrar establecimiento','registrar-establecimiento');
INSERT INTO \"public\".\"menus\" (descripcion,componente) VALUES ('Establecimientos','establecimientos-registrados-alcaldia-todos');
INSERT INTO \"public\".\"menus\" (descripcion,componente) VALUES ('Inmuebles','inmuebles-registrados-todos-secretaria');
INSERT INTO \"public\".\"menus\" (descripcion,componente) VALUES ('Acreditados','estadistica-acreditados');
*/
) at /var/www/html/juzgados-civicos/vendor/laravel/framework/src/Illuminate/Database/Connection.php:664, Doctrine\\DBAL\\Driver\\PDOException(code: 42P01): SQLSTATE[42P01]: Undefined table: 7 ERROR:  relation \"public.menus\" does not exist at /var/www/html/juzgados-civicos/vendor/doctrine/dbal/lib/Doctrine/DBAL/Driver/PDOConnection.php:43, PDOException(code: 42P01): SQLSTATE[42P01]: Undefined table: 7 ERROR:  relation \"public.menus\" does not exist at /var/www/html/juzgados-civicos/vendor/doctrine/dbal/lib/Doctrine/DBAL/Driver/PDOConnection.php:41)
[stacktrace]
#0 /var/www/html/juzgados-civicos/vendor/laravel/framework/src/Illuminate/Database/Connection.php(624): Illuminate\\Database\\Connection->runQueryCallback('truncate \"publi...', Array, Object(Closure))
#1 /var/www/html/juzgados-civicos/vendor/laravel/framework/src/Illuminate/Database/Connection.php(511): Illuminate\\Database\\Connection->run('truncate \"publi...', Array, Object(Closure))
#2 /var/www/html/juzgados-civicos/vendor/laravel/framework/src/Illuminate/Database/DatabaseManager.php(349): Illuminate\\Database\\Connection->unprepared('truncate \"publi...')
#3 /var/www/html/juzgados-civicos/vendor/laravel/framework/src/Illuminate/Support/Facades/Facade.php(239): Illuminate\\Database\\DatabaseManager->__call('unprepared', Array)
#4 /var/www/html/juzgados-civicos/database/seeds/Menus.php(15): Illuminate\\Support\\Facades\\Facade::__callStatic('unprepared', Array)
#5 [internal function]: Menus->run()
#6 /var/www/html/juzgados-civicos/vendor/laravel/framework/src/Illuminate/Container/BoundMethod.php(32): call_user_func_array(Array, Array)
#7 /var/www/html/juzgados-civicos/vendor/laravel/framework/src/Illuminate/Container/BoundMethod.php(90): Illuminate\\Container\\BoundMethod::Illuminate\\Container\\{closure}()
#8 /var/www/html/juzgados-civicos/vendor/laravel/framework/src/Illuminate/Container/BoundMethod.php(34): Illuminate\\Container\\BoundMethod::callBoundMethod(Object(Illuminate\\Foundation\\Application), Array, Object(Closure))
#9 /var/www/html/juzgados-civicos/vendor/laravel/framework/src/Illuminate/Container/Container.php(576): Illuminate\\Container\\BoundMethod::call(Object(Illuminate\\Foundation\\Application), Array, Array, NULL)
#10 /var/www/html/juzgados-civicos/vendor/laravel/framework/src/Illuminate/Database/Seeder.php(124): Illuminate\\Container\\Container->call(Array)
#11 /var/www/html/juzgados-civicos/vendor/laravel/framework/src/Illuminate/Database/Seeder.php(44): Illuminate\\Database\\Seeder->__invoke()
#12 /var/www/html/juzgados-civicos/database/seeds/DatabaseSeeder.php(17): Illuminate\\Database\\Seeder->call('Menus')
#13 [internal function]: DatabaseSeeder->run()
#14 /var/www/html/juzgados-civicos/vendor/laravel/framework/src/Illuminate/Container/BoundMethod.php(32): call_user_func_array(Array, Array)
#15 /var/www/html/juzgados-civicos/vendor/laravel/framework/src/Illuminate/Container/BoundMethod.php(90): Illuminate\\Container\\BoundMethod::Illuminate\\Container\\{closure}()
#16 /var/www/html/juzgados-civicos/vendor/laravel/framework/src/Illuminate/Container/BoundMethod.php(34): Illuminate\\Container\\BoundMethod::callBoundMethod(Object(Illuminate\\Foundation\\Application), Array, Object(Closure))
#17 /var/www/html/juzgados-civicos/vendor/laravel/framework/src/Illuminate/Container/Container.php(576): Illuminate\\Container\\BoundMethod::call(Object(Illuminate\\Foundation\\Application), Array, Array, NULL)
#18 /var/www/html/juzgados-civicos/vendor/laravel/framework/src/Illuminate/Database/Seeder.php(124): Illuminate\\Container\\Container->call(Array)
#19 /var/www/html/juzgados-civicos/vendor/laravel/framework/src/Illuminate/Database/Console/Seeds/SeedCommand.php(63): Illuminate\\Database\\Seeder->__invoke()
#20 /var/www/html/juzgados-civicos/vendor/laravel/framework/src/Illuminate/Database/Eloquent/Concerns/GuardsAttributes.php(122): Illuminate\\Database\\Console\\Seeds\\SeedCommand->Illuminate\\Database\\Console\\Seeds\\{closure}()
#21 /var/www/html/juzgados-civicos/vendor/laravel/framework/src/Illuminate/Database/Console/Seeds/SeedCommand.php(64): Illuminate\\Database\\Eloquent\\Model::unguarded(Object(Closure))
#22 [internal function]: Illuminate\\Database\\Console\\Seeds\\SeedCommand->handle()
#23 /var/www/html/juzgados-civicos/vendor/laravel/framework/src/Illuminate/Container/BoundMethod.php(32): call_user_func_array(Array, Array)
#24 /var/www/html/juzgados-civicos/vendor/laravel/framework/src/Illuminate/Container/BoundMethod.php(90): Illuminate\\Container\\BoundMethod::Illuminate\\Container\\{closure}()
#25 /var/www/html/juzgados-civicos/vendor/laravel/framework/src/Illuminate/Container/BoundMethod.php(34): Illuminate\\Container\\BoundMethod::callBoundMethod(Object(Illuminate\\Foundation\\Application), Array, Object(Closure))
#26 /var/www/html/juzgados-civicos/vendor/laravel/framework/src/Illuminate/Container/Container.php(576): Illuminate\\Container\\BoundMethod::call(Object(Illuminate\\Foundation\\Application), Array, Array, NULL)
#27 /var/www/html/juzgados-civicos/vendor/laravel/framework/src/Illuminate/Console/Command.php(183): Illuminate\\Container\\Container->call(Array)
#28 /var/www/html/juzgados-civicos/vendor/symfony/console/Command/Command.php(255): Illuminate\\Console\\Command->execute(Object(Symfony\\Component\\Console\\Input\\ArgvInput), Object(Illuminate\\Console\\OutputStyle))
#29 /var/www/html/juzgados-civicos/vendor/laravel/framework/src/Illuminate/Console/Command.php(170): Symfony\\Component\\Console\\Command\\Command->run(Object(Symfony\\Component\\Console\\Input\\ArgvInput), Object(Illuminate\\Console\\OutputStyle))
#30 /var/www/html/juzgados-civicos/vendor/symfony/console/Application.php(934): Illuminate\\Console\\Command->run(Object(Symfony\\Component\\Console\\Input\\ArgvInput), Object(Symfony\\Component\\Console\\Output\\ConsoleOutput))
#31 /var/www/html/juzgados-civicos/vendor/symfony/console/Application.php(273): Symfony\\Component\\Console\\Application->doRunCommand(Object(Illuminate\\Database\\Console\\Seeds\\SeedCommand), Object(Symfony\\Component\\Console\\Input\\ArgvInput), Object(Symfony\\Component\\Console\\Output\\ConsoleOutput))
#32 /var/www/html/juzgados-civicos/vendor/symfony/console/Application.php(149): Symfony\\Component\\Console\\Application->doRun(Object(Symfony\\Component\\Console\\Input\\ArgvInput), Object(Symfony\\Component\\Console\\Output\\ConsoleOutput))
#33 /var/www/html/juzgados-civicos/vendor/laravel/framework/src/Illuminate/Console/Application.php(90): Symfony\\Component\\Console\\Application->run(Object(Symfony\\Component\\Console\\Input\\ArgvInput), Object(Symfony\\Component\\Console\\Output\\ConsoleOutput))
#34 /var/www/html/juzgados-civicos/vendor/laravel/framework/src/Illuminate/Foundation/Console/Kernel.php(133): Illuminate\\Console\\Application->run(Object(Symfony\\Component\\Console\\Input\\ArgvInput), Object(Symfony\\Component\\Console\\Output\\ConsoleOutput))
#35 /var/www/html/juzgados-civicos/artisan(37): Illuminate\\Foundation\\Console\\Kernel->handle(Object(Symfony\\Component\\Console\\Input\\ArgvInput), Object(Symfony\\Component\\Console\\Output\\ConsoleOutput))
#36 {main}
"} 
[2019-11-04 20:14:32] local.DEBUG: routes/api.php URL=http://localhost Request::path()=/  
[2019-11-04 20:14:32] local.DEBUG: routes/api.php entro en middleware  
[2019-11-04 20:14:32] local.DEBUG: routes/web.php inioio URL=http://localhost Request::path()=/  
[2019-11-04 20:14:32] local.DEBUG: routes/web.php Entro a middleware web http://localhost  
[2019-11-04 20:14:36] local.DEBUG: routes/api.php URL=http://localhost Request::path()=/  
[2019-11-04 20:14:36] local.DEBUG: routes/api.php entro en middleware  
[2019-11-04 20:14:36] local.DEBUG: routes/web.php inioio URL=http://localhost Request::path()=/  
[2019-11-04 20:14:36] local.DEBUG: routes/web.php Entro a middleware web http://localhost  
[2019-11-04 20:14:36] local.ERROR: SQLSTATE[23502]: Not null violation: 7 ERROR:  null value in column "idperfil" violates not-null constraint
DETAIL:  Failing row contains (1, null, null, 0, 1, null, null). (SQL: truncate "public"."perfiles_menus";
INSERT INTO "public"."perfiles_menus" (idperfil,idmenu,mdefault) VALUES ((select id from public.perfiles where descripcion='Protecci贸n civil'),(select id from public.menus where componente='terceros-acreditados-registrados'),1);
INSERT INTO "public"."perfiles_menus" (idperfil,idmenu,mdefault) VALUES ((select id from public.perfiles where descripcion='Protecci贸n civil'),(select id from public.menus where componente='establecimientos-registrados-todos-secretaria'),0);
INSERT INTO "public"."perfiles_menus" (idperfil,idmenu,mdefault) VALUES ((select id from public.perfiles where descripcion='Tercero Acreditado'),(select id from public.menus where componente='establecimientos-registrados'),1);
INSERT INTO "public"."perfiles_menus" (idperfil,idmenu,mdefault,idh) VALUES ((select id from public.perfiles where descripcion='Tercero Acreditado'),(select id from public.menus where componente='registrar-establecimiento'),0,'tercer-add-establecimiento');
INSERT INTO "public"."perfiles_menus" (idperfil,idmenu,mdefault) VALUES ((select id from public.perfiles where descripcion='Alcaldia'),(select id from public.menus where componente='establecimientos-registrados-alcaldia-todos'),1);
INSERT INTO "public"."perfiles_menus" (idperfil,idmenu,mdefault) VALUES ((select id from public.perfiles where descripcion='Administrador'),(select id from public.menus where componente='terceros-acreditados-registrados'),1);
INSERT INTO "public"."perfiles_menus" (idperfil,idmenu,mdefault) VALUES ((select id from public.perfiles where descripcion='Administrador'),(select id from public.menus where componente='establecimientos-registrados-todos-secretaria'),0);
INSERT INTO "public"."perfiles_menus" (idperfil,idmenu,mdefault,idh) VALUES ((select id from public.perfiles where descripcion='Administrador'),(select id from public.menus where componente='registrar-establecimiento'),0,'tercer-add-establecimiento');
INSERT INTO "public"."perfiles_menus" (idperfil,idmenu,mdefault) VALUES ((select id from public.perfiles where descripcion='Administrador'),(select id from public.menus where componente='inmuebles-registrados-todos-secretaria'),0);
INSERT INTO "public"."perfiles_menus" (idperfil,idmenu,mdefault) VALUES ((select id from public.perfiles where descripcion='Administrador'),(select id from public.menus where componente='estadistica-acreditados'),0);
) {"exception":"[object] (Illuminate\\Database\\QueryException(code: 23502): SQLSTATE[23502]: Not null violation: 7 ERROR:  null value in column \"idperfil\" violates not-null constraint
DETAIL:  Failing row contains (1, null, null, 0, 1, null, null). (SQL: truncate \"public\".\"perfiles_menus\";
INSERT INTO \"public\".\"perfiles_menus\" (idperfil,idmenu,mdefault) VALUES ((select id from public.perfiles where descripcion='Protecci贸n civil'),(select id from public.menus where componente='terceros-acreditados-registrados'),1);
INSERT INTO \"public\".\"perfiles_menus\" (idperfil,idmenu,mdefault) VALUES ((select id from public.perfiles where descripcion='Protecci贸n civil'),(select id from public.menus where componente='establecimientos-registrados-todos-secretaria'),0);
INSERT INTO \"public\".\"perfiles_menus\" (idperfil,idmenu,mdefault) VALUES ((select id from public.perfiles where descripcion='Tercero Acreditado'),(select id from public.menus where componente='establecimientos-registrados'),1);
INSERT INTO \"public\".\"perfiles_menus\" (idperfil,idmenu,mdefault,idh) VALUES ((select id from public.perfiles where descripcion='Tercero Acreditado'),(select id from public.menus where componente='registrar-establecimiento'),0,'tercer-add-establecimiento');
INSERT INTO \"public\".\"perfiles_menus\" (idperfil,idmenu,mdefault) VALUES ((select id from public.perfiles where descripcion='Alcaldia'),(select id from public.menus where componente='establecimientos-registrados-alcaldia-todos'),1);
INSERT INTO \"public\".\"perfiles_menus\" (idperfil,idmenu,mdefault) VALUES ((select id from public.perfiles where descripcion='Administrador'),(select id from public.menus where componente='terceros-acreditados-registrados'),1);
INSERT INTO \"public\".\"perfiles_menus\" (idperfil,idmenu,mdefault) VALUES ((select id from public.perfiles where descripcion='Administrador'),(select id from public.menus where componente='establecimientos-registrados-todos-secretaria'),0);
INSERT INTO \"public\".\"perfiles_menus\" (idperfil,idmenu,mdefault,idh) VALUES ((select id from public.perfiles where descripcion='Administrador'),(select id from public.menus where componente='registrar-establecimiento'),0,'tercer-add-establecimiento');
INSERT INTO \"public\".\"perfiles_menus\" (idperfil,idmenu,mdefault) VALUES ((select id from public.perfiles where descripcion='Administrador'),(select id from public.menus where componente='inmuebles-registrados-todos-secretaria'),0);
INSERT INTO \"public\".\"perfiles_menus\" (idperfil,idmenu,mdefault) VALUES ((select id from public.perfiles where descripcion='Administrador'),(select id from public.menus where componente='estadistica-acreditados'),0);
) at /var/www/html/juzgados-civicos/vendor/laravel/framework/src/Illuminate/Database/Connection.php:664, Doctrine\\DBAL\\Driver\\PDOException(code: 23502): SQLSTATE[23502]: Not null violation: 7 ERROR:  null value in column \"idperfil\" violates not-null constraint
DETAIL:  Failing row contains (1, null, null, 0, 1, null, null). at /var/www/html/juzgados-civicos/vendor/doctrine/dbal/lib/Doctrine/DBAL/Driver/PDOConnection.php:43, PDOException(code: 23502): SQLSTATE[23502]: Not null violation: 7 ERROR:  null value in column \"idperfil\" violates not-null constraint
DETAIL:  Failing row contains (1, null, null, 0, 1, null, null). at /var/www/html/juzgados-civicos/vendor/doctrine/dbal/lib/Doctrine/DBAL/Driver/PDOConnection.php:41)
[stacktrace]
#0 /var/www/html/juzgados-civicos/vendor/laravel/framework/src/Illuminate/Database/Connection.php(624): Illuminate\\Database\\Connection->runQueryCallback('truncate \"publi...', Array, Object(Closure))
#1 /var/www/html/juzgados-civicos/vendor/laravel/framework/src/Illuminate/Database/Connection.php(511): Illuminate\\Database\\Connection->run('truncate \"publi...', Array, Object(Closure))
#2 /var/www/html/juzgados-civicos/vendor/laravel/framework/src/Illuminate/Database/DatabaseManager.php(349): Illuminate\\Database\\Connection->unprepared('truncate \"publi...')
#3 /var/www/html/juzgados-civicos/vendor/laravel/framework/src/Illuminate/Support/Facades/Facade.php(239): Illuminate\\Database\\DatabaseManager->__call('unprepared', Array)
#4 /var/www/html/juzgados-civicos/database/seeds/Perfiles_menus.php(15): Illuminate\\Support\\Facades\\Facade::__callStatic('unprepared', Array)
#5 [internal function]: Perfiles_menus->run()
#6 /var/www/html/juzgados-civicos/vendor/laravel/framework/src/Illuminate/Container/BoundMethod.php(32): call_user_func_array(Array, Array)
#7 /var/www/html/juzgados-civicos/vendor/laravel/framework/src/Illuminate/Container/BoundMethod.php(90): Illuminate\\Container\\BoundMethod::Illuminate\\Container\\{closure}()
#8 /var/www/html/juzgados-civicos/vendor/laravel/framework/src/Illuminate/Container/BoundMethod.php(34): Illuminate\\Container\\BoundMethod::callBoundMethod(Object(Illuminate\\Foundation\\Application), Array, Object(Closure))
#9 /var/www/html/juzgados-civicos/vendor/laravel/framework/src/Illuminate/Container/Container.php(576): Illuminate\\Container\\BoundMethod::call(Object(Illuminate\\Foundation\\Application), Array, Array, NULL)
#10 /var/www/html/juzgados-civicos/vendor/laravel/framework/src/Illuminate/Database/Seeder.php(124): Illuminate\\Container\\Container->call(Array)
#11 /var/www/html/juzgados-civicos/vendor/laravel/framework/src/Illuminate/Database/Seeder.php(44): Illuminate\\Database\\Seeder->__invoke()
#12 /var/www/html/juzgados-civicos/database/seeds/DatabaseSeeder.php(19): Illuminate\\Database\\Seeder->call('Perfiles_menus')
#13 [internal function]: DatabaseSeeder->run()
#14 /var/www/html/juzgados-civicos/vendor/laravel/framework/src/Illuminate/Container/BoundMethod.php(32): call_user_func_array(Array, Array)
#15 /var/www/html/juzgados-civicos/vendor/laravel/framework/src/Illuminate/Container/BoundMethod.php(90): Illuminate\\Container\\BoundMethod::Illuminate\\Container\\{closure}()
#16 /var/www/html/juzgados-civicos/vendor/laravel/framework/src/Illuminate/Container/BoundMethod.php(34): Illuminate\\Container\\BoundMethod::callBoundMethod(Object(Illuminate\\Foundation\\Application), Array, Object(Closure))
#17 /var/www/html/juzgados-civicos/vendor/laravel/framework/src/Illuminate/Container/Container.php(576): Illuminate\\Container\\BoundMethod::call(Object(Illuminate\\Foundation\\Application), Array, Array, NULL)
#18 /var/www/html/juzgados-civicos/vendor/laravel/framework/src/Illuminate/Database/Seeder.php(124): Illuminate\\Container\\Container->call(Array)
#19 /var/www/html/juzgados-civicos/vendor/laravel/framework/src/Illuminate/Database/Console/Seeds/SeedCommand.php(63): Illuminate\\Database\\Seeder->__invoke()
#20 /var/www/html/juzgados-civicos/vendor/laravel/framework/src/Illuminate/Database/Eloquent/Concerns/GuardsAttributes.php(122): Illuminate\\Database\\Console\\Seeds\\SeedCommand->Illuminate\\Database\\Console\\Seeds\\{closure}()
#21 /var/www/html/juzgados-civicos/vendor/laravel/framework/src/Illuminate/Database/Console/Seeds/SeedCommand.php(64): Illuminate\\Database\\Eloquent\\Model::unguarded(Object(Closure))
#22 [internal function]: Illuminate\\Database\\Console\\Seeds\\SeedCommand->handle()
#23 /var/www/html/juzgados-civicos/vendor/laravel/framework/src/Illuminate/Container/BoundMethod.php(32): call_user_func_array(Array, Array)
#24 /var/www/html/juzgados-civicos/vendor/laravel/framework/src/Illuminate/Container/BoundMethod.php(90): Illuminate\\Container\\BoundMethod::Illuminate\\Container\\{closure}()
#25 /var/www/html/juzgados-civicos/vendor/laravel/framework/src/Illuminate/Container/BoundMethod.php(34): Illuminate\\Container\\BoundMethod::callBoundMethod(Object(Illuminate\\Foundation\\Application), Array, Object(Closure))
#26 /var/www/html/juzgados-civicos/vendor/laravel/framework/src/Illuminate/Container/Container.php(576): Illuminate\\Container\\BoundMethod::call(Object(Illuminate\\Foundation\\Application), Array, Array, NULL)
#27 /var/www/html/juzgados-civicos/vendor/laravel/framework/src/Illuminate/Console/Command.php(183): Illuminate\\Container\\Container->call(Array)
#28 /var/www/html/juzgados-civicos/vendor/symfony/console/Command/Command.php(255): Illuminate\\Console\\Command->execute(Object(Symfony\\Component\\Console\\Input\\ArgvInput), Object(Illuminate\\Console\\OutputStyle))
#29 /var/www/html/juzgados-civicos/vendor/laravel/framework/src/Illuminate/Console/Command.php(170): Symfony\\Component\\Console\\Command\\Command->run(Object(Symfony\\Component\\Console\\Input\\ArgvInput), Object(Illuminate\\Console\\OutputStyle))
#30 /var/www/html/juzgados-civicos/vendor/symfony/console/Application.php(934): Illuminate\\Console\\Command->run(Object(Symfony\\Component\\Console\\Input\\ArgvInput), Object(Symfony\\Component\\Console\\Output\\ConsoleOutput))
#31 /var/www/html/juzgados-civicos/vendor/symfony/console/Application.php(273): Symfony\\Component\\Console\\Application->doRunCommand(Object(Illuminate\\Database\\Console\\Seeds\\SeedCommand), Object(Symfony\\Component\\Console\\Input\\ArgvInput), Object(Symfony\\Component\\Console\\Output\\ConsoleOutput))
#32 /var/www/html/juzgados-civicos/vendor/symfony/console/Application.php(149): Symfony\\Component\\Console\\Application->doRun(Object(Symfony\\Component\\Console\\Input\\ArgvInput), Object(Symfony\\Component\\Console\\Output\\ConsoleOutput))
#33 /var/www/html/juzgados-civicos/vendor/laravel/framework/src/Illuminate/Console/Application.php(90): Symfony\\Component\\Console\\Application->run(Object(Symfony\\Component\\Console\\Input\\ArgvInput), Object(Symfony\\Component\\Console\\Output\\ConsoleOutput))
#34 /var/www/html/juzgados-civicos/vendor/laravel/framework/src/Illuminate/Foundation/Console/Kernel.php(133): Illuminate\\Console\\Application->run(Object(Symfony\\Component\\Console\\Input\\ArgvInput), Object(Symfony\\Component\\Console\\Output\\ConsoleOutput))
#35 /var/www/html/juzgados-civicos/artisan(37): Illuminate\\Foundation\\Console\\Kernel->handle(Object(Symfony\\Component\\Console\\Input\\ArgvInput), Object(Symfony\\Component\\Console\\Output\\ConsoleOutput))
#36 {main}
"} 
[2019-11-04 20:17:51] local.DEBUG: routes/api.php URL=http://localhost Request::path()=/  
[2019-11-04 20:17:51] local.DEBUG: routes/api.php entro en middleware  
[2019-11-04 20:17:51] local.DEBUG: routes/web.php inioio URL=http://localhost Request::path()=/  
[2019-11-04 20:17:51] local.DEBUG: routes/web.php Entro a middleware web http://localhost  
[2019-11-04 20:17:52] local.ERROR: SQLSTATE[23502]: Not null violation: 7 ERROR:  null value in column "idperfil" violates not-null constraint
DETAIL:  Failing row contains (2, null, 2, 0, 1, null, null). (SQL: truncate "public"."perfiles_menus";
INSERT INTO "public"."perfiles_menus" (idperfil,idmenu,mdefault) VALUES ((select id from public.perfiles where descripcion='Administrador'),(select id from public.menus where componente='expedientes'),1);
INSERT INTO "public"."perfiles_menus" (idperfil,idmenu,mdefault) VALUES ((select id from public.perfiles where descripcion='Administrador'),(select id from public.menus where componente='usuarios-registrados'),0);
) {"exception":"[object] (Illuminate\\Database\\QueryException(code: 23502): SQLSTATE[23502]: Not null violation: 7 ERROR:  null value in column \"idperfil\" violates not-null constraint
DETAIL:  Failing row contains (2, null, 2, 0, 1, null, null). (SQL: truncate \"public\".\"perfiles_menus\";
INSERT INTO \"public\".\"perfiles_menus\" (idperfil,idmenu,mdefault) VALUES ((select id from public.perfiles where descripcion='Administrador'),(select id from public.menus where componente='expedientes'),1);
INSERT INTO \"public\".\"perfiles_menus\" (idperfil,idmenu,mdefault) VALUES ((select id from public.perfiles where descripcion='Administrador'),(select id from public.menus where componente='usuarios-registrados'),0);
) at /var/www/html/juzgados-civicos/vendor/laravel/framework/src/Illuminate/Database/Connection.php:664, Doctrine\\DBAL\\Driver\\PDOException(code: 23502): SQLSTATE[23502]: Not null violation: 7 ERROR:  null value in column \"idperfil\" violates not-null constraint
DETAIL:  Failing row contains (2, null, 2, 0, 1, null, null). at /var/www/html/juzgados-civicos/vendor/doctrine/dbal/lib/Doctrine/DBAL/Driver/PDOConnection.php:43, PDOException(code: 23502): SQLSTATE[23502]: Not null violation: 7 ERROR:  null value in column \"idperfil\" violates not-null constraint
DETAIL:  Failing row contains (2, null, 2, 0, 1, null, null). at /var/www/html/juzgados-civicos/vendor/doctrine/dbal/lib/Doctrine/DBAL/Driver/PDOConnection.php:41)
[stacktrace]
#0 /var/www/html/juzgados-civicos/vendor/laravel/framework/src/Illuminate/Database/Connection.php(624): Illuminate\\Database\\Connection->runQueryCallback('truncate \"publi...', Array, Object(Closure))
#1 /var/www/html/juzgados-civicos/vendor/laravel/framework/src/Illuminate/Database/Connection.php(511): Illuminate\\Database\\Connection->run('truncate \"publi...', Array, Object(Closure))
#2 /var/www/html/juzgados-civicos/vendor/laravel/framework/src/Illuminate/Database/DatabaseManager.php(349): Illuminate\\Database\\Connection->unprepared('truncate \"publi...')
#3 /var/www/html/juzgados-civicos/vendor/laravel/framework/src/Illuminate/Support/Facades/Facade.php(239): Illuminate\\Database\\DatabaseManager->__call('unprepared', Array)
#4 /var/www/html/juzgados-civicos/database/seeds/Perfiles_menus.php(15): Illuminate\\Support\\Facades\\Facade::__callStatic('unprepared', Array)
#5 [internal function]: Perfiles_menus->run()
#6 /var/www/html/juzgados-civicos/vendor/laravel/framework/src/Illuminate/Container/BoundMethod.php(32): call_user_func_array(Array, Array)
#7 /var/www/html/juzgados-civicos/vendor/laravel/framework/src/Illuminate/Container/BoundMethod.php(90): Illuminate\\Container\\BoundMethod::Illuminate\\Container\\{closure}()
#8 /var/www/html/juzgados-civicos/vendor/laravel/framework/src/Illuminate/Container/BoundMethod.php(34): Illuminate\\Container\\BoundMethod::callBoundMethod(Object(Illuminate\\Foundation\\Application), Array, Object(Closure))
#9 /var/www/html/juzgados-civicos/vendor/laravel/framework/src/Illuminate/Container/Container.php(576): Illuminate\\Container\\BoundMethod::call(Object(Illuminate\\Foundation\\Application), Array, Array, NULL)
#10 /var/www/html/juzgados-civicos/vendor/laravel/framework/src/Illuminate/Database/Seeder.php(124): Illuminate\\Container\\Container->call(Array)
#11 /var/www/html/juzgados-civicos/vendor/laravel/framework/src/Illuminate/Database/Seeder.php(44): Illuminate\\Database\\Seeder->__invoke()
#12 /var/www/html/juzgados-civicos/database/seeds/DatabaseSeeder.php(19): Illuminate\\Database\\Seeder->call('Perfiles_menus')
#13 [internal function]: DatabaseSeeder->run()
#14 /var/www/html/juzgados-civicos/vendor/laravel/framework/src/Illuminate/Container/BoundMethod.php(32): call_user_func_array(Array, Array)
#15 /var/www/html/juzgados-civicos/vendor/laravel/framework/src/Illuminate/Container/BoundMethod.php(90): Illuminate\\Container\\BoundMethod::Illuminate\\Container\\{closure}()
#16 /var/www/html/juzgados-civicos/vendor/laravel/framework/src/Illuminate/Container/BoundMethod.php(34): Illuminate\\Container\\BoundMethod::callBoundMethod(Object(Illuminate\\Foundation\\Application), Array, Object(Closure))
#17 /var/www/html/juzgados-civicos/vendor/laravel/framework/src/Illuminate/Container/Container.php(576): Illuminate\\Container\\BoundMethod::call(Object(Illuminate\\Foundation\\Application), Array, Array, NULL)
#18 /var/www/html/juzgados-civicos/vendor/laravel/framework/src/Illuminate/Database/Seeder.php(124): Illuminate\\Container\\Container->call(Array)
#19 /var/www/html/juzgados-civicos/vendor/laravel/framework/src/Illuminate/Database/Console/Seeds/SeedCommand.php(63): Illuminate\\Database\\Seeder->__invoke()
#20 /var/www/html/juzgados-civicos/vendor/laravel/framework/src/Illuminate/Database/Eloquent/Concerns/GuardsAttributes.php(122): Illuminate\\Database\\Console\\Seeds\\SeedCommand->Illuminate\\Database\\Console\\Seeds\\{closure}()
#21 /var/www/html/juzgados-civicos/vendor/laravel/framework/src/Illuminate/Database/Console/Seeds/SeedCommand.php(64): Illuminate\\Database\\Eloquent\\Model::unguarded(Object(Closure))
#22 [internal function]: Illuminate\\Database\\Console\\Seeds\\SeedCommand->handle()
#23 /var/www/html/juzgados-civicos/vendor/laravel/framework/src/Illuminate/Container/BoundMethod.php(32): call_user_func_array(Array, Array)
#24 /var/www/html/juzgados-civicos/vendor/laravel/framework/src/Illuminate/Container/BoundMethod.php(90): Illuminate\\Container\\BoundMethod::Illuminate\\Container\\{closure}()
#25 /var/www/html/juzgados-civicos/vendor/laravel/framework/src/Illuminate/Container/BoundMethod.php(34): Illuminate\\Container\\BoundMethod::callBoundMethod(Object(Illuminate\\Foundation\\Application), Array, Object(Closure))
#26 /var/www/html/juzgados-civicos/vendor/laravel/framework/src/Illuminate/Container/Container.php(576): Illuminate\\Container\\BoundMethod::call(Object(Illuminate\\Foundation\\Application), Array, Array, NULL)
#27 /var/www/html/juzgados-civicos/vendor/laravel/framework/src/Illuminate/Console/Command.php(183): Illuminate\\Container\\Container->call(Array)
#28 /var/www/html/juzgados-civicos/vendor/symfony/console/Command/Command.php(255): Illuminate\\Console\\Command->execute(Object(Symfony\\Component\\Console\\Input\\ArgvInput), Object(Illuminate\\Console\\OutputStyle))
#29 /var/www/html/juzgados-civicos/vendor/laravel/framework/src/Illuminate/Console/Command.php(170): Symfony\\Component\\Console\\Command\\Command->run(Object(Symfony\\Component\\Console\\Input\\ArgvInput), Object(Illuminate\\Console\\OutputStyle))
#30 /var/www/html/juzgados-civicos/vendor/symfony/console/Application.php(934): Illuminate\\Console\\Command->run(Object(Symfony\\Component\\Console\\Input\\ArgvInput), Object(Symfony\\Component\\Console\\Output\\ConsoleOutput))
#31 /var/www/html/juzgados-civicos/vendor/symfony/console/Application.php(273): Symfony\\Component\\Console\\Application->doRunCommand(Object(Illuminate\\Database\\Console\\Seeds\\SeedCommand), Object(Symfony\\Component\\Console\\Input\\ArgvInput), Object(Symfony\\Component\\Console\\Output\\ConsoleOutput))
#32 /var/www/html/juzgados-civicos/vendor/symfony/console/Application.php(149): Symfony\\Component\\Console\\Application->doRun(Object(Symfony\\Component\\Console\\Input\\ArgvInput), Object(Symfony\\Component\\Console\\Output\\ConsoleOutput))
#33 /var/www/html/juzgados-civicos/vendor/laravel/framework/src/Illuminate/Console/Application.php(90): Symfony\\Component\\Console\\Application->run(Object(Symfony\\Component\\Console\\Input\\ArgvInput), Object(Symfony\\Component\\Console\\Output\\ConsoleOutput))
#34 /var/www/html/juzgados-civicos/vendor/laravel/framework/src/Illuminate/Foundation/Console/Kernel.php(133): Illuminate\\Console\\Application->run(Object(Symfony\\Component\\Console\\Input\\ArgvInput), Object(Symfony\\Component\\Console\\Output\\ConsoleOutput))
#35 /var/www/html/juzgados-civicos/artisan(37): Illuminate\\Foundation\\Console\\Kernel->handle(Object(Symfony\\Component\\Console\\Input\\ArgvInput), Object(Symfony\\Component\\Console\\Output\\ConsoleOutput))
#36 {main}
"} 
[2019-11-04 20:19:15] local.DEBUG: routes/api.php URL=http://localhost Request::path()=/  
[2019-11-04 20:19:15] local.DEBUG: routes/api.php entro en middleware  
[2019-11-04 20:19:15] local.DEBUG: routes/web.php inioio URL=http://localhost Request::path()=/  
[2019-11-04 20:19:15] local.DEBUG: routes/web.php Entro a middleware web http://localhost  
[2019-11-04 20:19:30] local.DEBUG: routes/api.php URL=https://adipjc.soluint.com/public Request::path()=/  
[2019-11-04 20:19:30] local.DEBUG: routes/api.php entro en middleware  
[2019-11-04 20:19:30] local.DEBUG: routes/web.php inioio URL=https://adipjc.soluint.com/public Request::path()=/  
[2019-11-04 20:19:30] local.DEBUG: routes/web.php Entro a middleware web https://adipjc.soluint.com/public  
[2019-11-04 20:19:30] local.DEBUG: routes/web.php va a ejecutar welcome / URL=https://adipjc.soluint.com/public Request::path()=/  
[2019-11-04 20:19:30] local.DEBUG: public/index.php URLhttps://adipjc.soluint.com/public Request::path()=/  
[2019-11-04 20:19:42] local.DEBUG: routes/api.php URL=https://adipjc.soluint.com/public/api/login Request::path()=api/login  
[2019-11-04 20:19:42] local.DEBUG: routes/api.php entro en middleware  
[2019-11-04 20:19:42] local.DEBUG: routes/web.php inioio URL=https://adipjc.soluint.com/public/api/login Request::path()=api/login  
[2019-11-04 20:19:42] local.DEBUG: routes/web.php Entro a middleware web https://adipjc.soluint.com/public/api/login  
[2019-11-04 20:19:42] local.DEBUG: app/Http/Middleware/RedirectIfAuthenticated.php handle  
[2019-11-04 20:19:42] local.DEBUG: app/Http/Middleware/RedirectIfAuthenticated.php despues del if  
[2019-11-04 20:19:42] local.DEBUG: app/Http/Controllers/Auth/LoginController.php login  
[2019-11-04 20:19:42] local.DEBUG: app/Http/Controllers/Auth/LoginController.php paso validateLogin  
[2019-11-04 20:19:42] local.DEBUG: app/Http/Controllers/Auth/LoginController.php entro en if attemptLogin   
[2019-11-04 20:19:42] local.DEBUG: app/Http/Controllers/Auth/LoginController.php 3 Activo=1  
[2019-11-04 20:19:42] local.DEBUG: public/index.php URLhttps://adipjc.soluint.com/public/api/login Request::path()=api/login  
[2019-11-04 20:19:47] local.DEBUG: routes/api.php URL=https://adipjc.soluint.com/public/api/login Request::path()=api/login  
[2019-11-04 20:19:47] local.DEBUG: routes/api.php entro en middleware  
[2019-11-04 20:19:47] local.DEBUG: routes/web.php inioio URL=https://adipjc.soluint.com/public/api/login Request::path()=api/login  
[2019-11-04 20:19:47] local.DEBUG: routes/web.php Entro a middleware web https://adipjc.soluint.com/public/api/login  
[2019-11-04 20:19:47] local.DEBUG: app/Http/Middleware/RedirectIfAuthenticated.php handle  
[2019-11-04 20:19:47] local.DEBUG: app/Http/Middleware/RedirectIfAuthenticated.php va a redirigir a home  
[2019-11-04 20:19:47] local.DEBUG: public/index.php URLhttps://adipjc.soluint.com/public/api/login Request::path()=api/login  
[2019-11-04 20:19:48] local.DEBUG: routes/api.php URL=https://adipjc.soluint.com/public/home Request::path()=home  
[2019-11-04 20:19:48] local.DEBUG: routes/api.php entro en middleware  
[2019-11-04 20:19:48] local.DEBUG: routes/web.php inioio URL=https://adipjc.soluint.com/public/home Request::path()=home  
[2019-11-04 20:19:48] local.DEBUG: routes/web.php Entro a middleware web https://adipjc.soluint.com/public/home  
[2019-11-04 20:19:48] local.DEBUG: public/index.php URLhttps://adipjc.soluint.com/public/home Request::path()=home  
[2019-11-04 20:19:49] local.DEBUG: routes/api.php URL=https://adipjc.soluint.com/public/api/login Request::path()=api/login  
[2019-11-04 20:19:49] local.DEBUG: routes/api.php entro en middleware  
[2019-11-04 20:19:49] local.DEBUG: routes/web.php inioio URL=https://adipjc.soluint.com/public/api/login Request::path()=api/login  
[2019-11-04 20:19:49] local.DEBUG: routes/web.php Entro a middleware web https://adipjc.soluint.com/public/api/login  
[2019-11-04 20:19:49] local.DEBUG: app/Http/Middleware/RedirectIfAuthenticated.php handle  
[2019-11-04 20:19:49] local.DEBUG: app/Http/Middleware/RedirectIfAuthenticated.php va a redirigir a home  
[2019-11-04 20:19:49] local.DEBUG: public/index.php URLhttps://adipjc.soluint.com/public/api/login Request::path()=api/login  
[2019-11-04 20:19:49] local.DEBUG: routes/api.php URL=https://adipjc.soluint.com/public/home Request::path()=home  
[2019-11-04 20:19:49] local.DEBUG: routes/api.php entro en middleware  
[2019-11-04 20:19:49] local.DEBUG: routes/web.php inioio URL=https://adipjc.soluint.com/public/home Request::path()=home  
[2019-11-04 20:19:49] local.DEBUG: routes/web.php Entro a middleware web https://adipjc.soluint.com/public/home  
[2019-11-04 20:19:49] local.DEBUG: public/index.php URLhttps://adipjc.soluint.com/public/home Request::path()=home  
[2019-11-04 20:19:57] local.DEBUG: routes/api.php URL=https://adipjc.soluint.com/public/api/login Request::path()=api/login  
[2019-11-04 20:19:57] local.DEBUG: routes/api.php entro en middleware  
[2019-11-04 20:19:57] local.DEBUG: routes/web.php inioio URL=https://adipjc.soluint.com/public/api/login Request::path()=api/login  
[2019-11-04 20:19:57] local.DEBUG: routes/web.php Entro a middleware web https://adipjc.soluint.com/public/api/login  
[2019-11-04 20:19:57] local.DEBUG: app/Http/Middleware/RedirectIfAuthenticated.php handle  
[2019-11-04 20:19:57] local.DEBUG: app/Http/Middleware/RedirectIfAuthenticated.php va a redirigir a home  
[2019-11-04 20:19:57] local.DEBUG: public/index.php URLhttps://adipjc.soluint.com/public/api/login Request::path()=api/login  
[2019-11-04 20:19:57] local.DEBUG: routes/api.php URL=https://adipjc.soluint.com/public/home Request::path()=home  
[2019-11-04 20:19:57] local.DEBUG: routes/api.php entro en middleware  
[2019-11-04 20:19:57] local.DEBUG: routes/web.php inioio URL=https://adipjc.soluint.com/public/home Request::path()=home  
[2019-11-04 20:19:57] local.DEBUG: routes/web.php Entro a middleware web https://adipjc.soluint.com/public/home  
[2019-11-04 20:19:57] local.DEBUG: public/index.php URLhttps://adipjc.soluint.com/public/home Request::path()=home  
[2019-11-04 20:20:03] local.DEBUG: routes/api.php URL=https://adipjc.soluint.com/public Request::path()=/  
[2019-11-04 20:20:03] local.DEBUG: routes/api.php entro en middleware  
[2019-11-04 20:20:03] local.DEBUG: routes/web.php inioio URL=https://adipjc.soluint.com/public Request::path()=/  
[2019-11-04 20:20:03] local.DEBUG: routes/web.php Entro a middleware web https://adipjc.soluint.com/public  
[2019-11-04 20:20:03] local.DEBUG: routes/web.php va a ejecutar welcome / URL=https://adipjc.soluint.com/public Request::path()=/  
[2019-11-04 20:20:03] local.DEBUG: public/index.php URLhttps://adipjc.soluint.com/public Request::path()=/  
